<?xml version="1.0" encoding="UTF-8"?>
<testsuite name="Open Account Test"
           tests="5"
           failures="0"
           errors="0"
           skipped="0"
           time="2.028">
  <properties />
  
  
            <testcase name="OpenAccountTest" time="0.362" classname="TestCases.OpenAccountTest" />
                <testcase name="OpenAccountTest" time="0.679" classname="TestCases.OpenAccountTest" />
                <testcase name="OpenAccountTest" time="0.369" classname="TestCases.OpenAccountTest" />
                <testcase name="OpenAccountTest" time="0.292" classname="TestCases.OpenAccountTest" />
                <testcase name="OpenAccountTest" time="0.326" classname="TestCases.OpenAccountTest" />
      
</testsuite>
